<?xml version="1.0" encoding="UTF-8"?>
<testng-results ignored="0" total="1" passed="1" failed="0" skipped="0">
  <reporter-output>
  </reporter-output>
  <suite started-at="2023-06-07T11:55:13 IST" name="Default suite" finished-at="2023-06-07T11:55:24 IST" duration-ms="10106">
    <groups>
    </groups>
    <test started-at="2023-06-07T11:55:13 IST" name="Default test" finished-at="2023-06-07T11:55:24 IST" duration-ms="10106">
      <class name="tests.OrangeHRMLoginTest">
        <test-method is-config="true" signature="Setup()[pri:0, instance:tests.OrangeHRMLoginTest@ffaa6af]" started-at="2023-06-07T11:55:13 IST" name="Setup" finished-at="2023-06-07T11:55:22 IST" duration-ms="8068" status="PASS">
          <reporter-output>
          </reporter-output>
        </test-method> <!-- Setup -->
        <test-method signature="loginTest()[pri:0, instance:tests.OrangeHRMLoginTest@ffaa6af]" started-at="2023-06-07T11:55:22 IST" name="loginTest" finished-at="2023-06-07T11:55:24 IST" duration-ms="2012" status="PASS">
          <reporter-output>
          </reporter-output>
        </test-method> <!-- loginTest -->
      </class> <!-- tests.OrangeHRMLoginTest -->
    </test> <!-- Default test -->
  </suite> <!-- Default suite -->
</testng-results>
